eventType,nodeId,sourceId,destinationId,informationalMessage,transmittedMessage,newSimSpeed,nodeX,nodeY,nodeRange,nodeType,currentQuantum,isPromiscuous,isDroppingMessages,isMalicious,isOverridingHops,isChangingMessages,isReplayingMessages,isNotExpiringRoutes,hops
IN_SIM_SPEED,,,,,,11,0,0,0,,31,false,false,false,false,false,false,false,0
OUT_SIM_SPEED,,,,Simulation Speed Set: 11.,,11,0,0,0,,31,false,false,false,false,false,false,false,0
IN_SIM_SPEED,,,,,,12,0,0,0,,31,false,false,false,false,false,false,false,0
OUT_SIM_SPEED,,,,Simulation Speed Set: 12.,,12,0,0,0,,31,false,false,false,false,false,false,false,0
IN_SIM_SPEED,,,,,,13,0,0,0,,31,false,false,false,false,false,false,false,0
OUT_SIM_SPEED,,,,Simulation Speed Set: 13.,,13,0,0,0,,31,false,false,false,false,false,false,false,0
IN_SIM_SPEED,,,,,,14,0,0,0,,31,false,false,false,false,false,false,false,0
OUT_SIM_SPEED,,,,Simulation Speed Set: 14.,,14,0,0,0,,31,false,false,false,false,false,false,false,0
IN_SIM_SPEED,,,,,,15,0,0,0,,31,false,false,false,false,false,false,false,0
OUT_SIM_SPEED,,,,Simulation Speed Set: 15.,,15,0,0,0,,31,false,false,false,false,false,false,false,0
IN_SIM_SPEED,,,,,,16,0,0,0,,31,false,false,false,false,false,false,false,0
OUT_SIM_SPEED,,,,Simulation Speed Set: 16.,,16,0,0,0,,31,false,false,false,false,false,false,false,0
IN_SIM_SPEED,,,,,,17,0,0,0,,31,false,false,false,false,false,false,false,0
OUT_SIM_SPEED,,,,Simulation Speed Set: 17.,,17,0,0,0,,31,false,false,false,false,false,false,false,0
IN_SIM_SPEED,,,,,,18,0,0,0,,31,false,false,false,false,false,false,false,0
OUT_SIM_SPEED,,,,Simulation Speed Set: 18.,,18,0,0,0,,31,false,false,false,false,false,false,false,0
IN_SIM_SPEED,,,,,,19,0,0,0,,31,false,false,false,false,false,false,false,0
OUT_SIM_SPEED,,,,Simulation Speed Set: 19.,,19,0,0,0,,31,false,false,false,false,false,false,false,0
IN_SIM_SPEED,,,,,,20,0,0,0,,31,false,false,false,false,false,false,false,0
OUT_SIM_SPEED,,,,Simulation Speed Set: 20.,,20,0,0,0,,31,false,false,false,false,false,false,false,0
IN_SIM_SPEED,,,,,,19,0,0,0,,31,false,false,false,false,false,false,false,0
OUT_SIM_SPEED,,,,Simulation Speed Set: 19.,,19,0,0,0,,31,false,false,false,false,false,false,false,0
IN_SIM_SPEED,,,,,,18,0,0,0,,31,false,false,false,false,false,false,false,0
OUT_SIM_SPEED,,,,Simulation Speed Set: 18.,,18,0,0,0,,31,false,false,false,false,false,false,false,0
IN_SIM_SPEED,,,,,,17,0,0,0,,31,false,false,false,false,false,false,false,0
OUT_SIM_SPEED,,,,Simulation Speed Set: 17.,,17,0,0,0,,31,false,false,false,false,false,false,false,0
IN_SIM_SPEED,,,,,,16,0,0,0,,31,false,false,false,false,false,false,false,0
OUT_SIM_SPEED,,,,Simulation Speed Set: 16.,,16,0,0,0,,31,false,false,false,false,false,false,false,0
IN_SIM_SPEED,,,,,,15,0,0,0,,31,false,false,false,false,false,false,false,0
OUT_SIM_SPEED,,,,Simulation Speed Set: 15.,,15,0,0,0,,31,false,false,false,false,false,false,false,0
IN_SIM_SPEED,,,,,,14,0,0,0,,31,false,false,false,false,false,false,false,0
OUT_SIM_SPEED,,,,Simulation Speed Set: 14.,,14,0,0,0,,31,false,false,false,false,false,false,false,0
IN_SIM_SPEED,,,,,,13,0,0,0,,31,false,false,false,false,false,false,false,0
OUT_SIM_SPEED,,,,Simulation Speed Set: 13.,,13,0,0,0,,31,false,false,false,false,false,false,false,0
IN_SIM_SPEED,,,,,,12,0,0,0,,31,false,false,false,false,false,false,false,0
OUT_SIM_SPEED,,,,Simulation Speed Set: 12.,,12,0,0,0,,31,false,false,false,false,false,false,false,0
IN_SIM_SPEED,,,,,,11,0,0,0,,31,false,false,false,false,false,false,false,0
OUT_SIM_SPEED,,,,Simulation Speed Set: 11.,,11,0,0,0,,31,false,false,false,false,false,false,false,0
IN_SIM_SPEED,,,,,,10,0,0,0,,31,false,false,false,false,false,false,false,0
OUT_SIM_SPEED,,,,Simulation Speed Set: 10.,,10,0,0,0,,31,false,false,false,false,false,false,false,0
IN_SIM_SPEED,,,,,,9,0,0,0,,31,false,false,false,false,false,false,false,0
OUT_SIM_SPEED,,,,Simulation Speed Set: 9.,,9,0,0,0,,31,false,false,false,false,false,false,false,0
IN_SIM_SPEED,,,,,,8,0,0,0,,31,false,false,false,false,false,false,false,0
OUT_SIM_SPEED,,,,Simulation Speed Set: 8.,,8,0,0,0,,31,false,false,false,false,false,false,false,0
IN_SIM_SPEED,,,,,,7,0,0,0,,31,false,false,false,false,false,false,false,0
OUT_SIM_SPEED,,,,Simulation Speed Set: 7.,,7,0,0,0,,31,false,false,false,false,false,false,false,0
IN_SIM_SPEED,,,,,,6,0,0,0,,31,false,false,false,false,false,false,false,0
OUT_SIM_SPEED,,,,Simulation Speed Set: 6.,,6,0,0,0,,31,false,false,false,false,false,false,false,0
IN_SIM_SPEED,,,,,,5,0,0,0,,31,false,false,false,false,false,false,false,0
OUT_SIM_SPEED,,,,Simulation Speed Set: 5.,,5,0,0,0,,31,false,false,false,false,false,false,false,0
IN_SIM_SPEED,,,,,,6,0,0,0,,31,false,false,false,false,false,false,false,0
OUT_SIM_SPEED,,,,Simulation Speed Set: 6.,,6,0,0,0,,31,false,false,false,false,false,false,false,0
IN_SIM_SPEED,,,,,,7,0,0,0,,31,false,false,false,false,false,false,false,0
OUT_SIM_SPEED,,,,Simulation Speed Set: 7.,,7,0,0,0,,31,false,false,false,false,false,false,false,0
IN_NEW_SIM,,,,,,0,0,0,0,AODV,31,false,false,false,false,false,false,false,0
OUT_NEW_SIM,,,,New AODV Simulation Created.,,0,0,0,0,AODV,0,false,false,false,false,false,false,false,0
IN_ADD_NODE,,,,,,0,664,301,387,,0,false,false,false,false,false,false,false,0
OUT_ADD_NODE,A,,,Node Added: A.,,0,664,301,387,,0,false,false,false,false,false,false,false,0
IN_ADD_NODE,,,,,,0,1014,3,428,,0,false,false,false,false,false,false,false,0
OUT_ADD_NODE,B,,,Node Added: B.,,0,1014,3,428,,0,false,false,false,false,false,false,false,0
IN_ADD_NODE,,,,,,0,779,226,415,,0,false,false,false,false,false,false,false,0
OUT_ADD_NODE,C,,,Node Added: C.,,0,779,226,415,,0,false,false,false,false,false,false,false,0
IN_ADD_NODE,,,,,,0,278,109,319,,0,false,false,false,false,false,false,false,0
OUT_ADD_NODE,D,,,Node Added: D.,,0,278,109,319,,0,false,false,false,false,false,false,false,0
IN_ADD_NODE,,,,,,0,1088,101,243,,0,false,false,false,false,false,false,false,0
OUT_ADD_NODE,E,,,Node Added: E.,,0,1088,101,243,,0,false,false,false,false,false,false,false,0
IN_ADD_NODE,,,,,,0,84,95,395,,0,false,false,false,false,false,false,false,0
OUT_ADD_NODE,F,,,Node Added: F.,,0,84,95,395,,0,false,false,false,false,false,false,false,0
IN_MOVE_NODE,A,,,,,0,230,132,0,,0,false,false,false,false,false,false,false,0
OUT_MOVE_NODE,A,,,Node A moved to X:230 Y:132.,,0,230,132,0,,0,false,false,false,false,false,false,false,0
IN_SET_NODE_RANGE,A,,,,,0,0,0,367,,0,false,false,false,false,false,false,false,0
OUT_SET_NODE_RANGE,A,,,Node A's range changed to 367.,,0,0,0,367,,0,false,false,false,false,false,false,false,0
IN_SET_NODE_RANGE,A,,,,,0,0,0,347,,0,false,false,false,false,false,false,false,0
OUT_SET_NODE_RANGE,A,,,Node A's range changed to 347.,,0,0,0,347,,0,false,false,false,false,false,false,false,0
IN_SET_NODE_RANGE,A,,,,,0,0,0,327,,0,false,false,false,false,false,false,false,0
OUT_SET_NODE_RANGE,A,,,Node A's range changed to 327.,,0,0,0,327,,0,false,false,false,false,false,false,false,0
IN_SET_NODE_RANGE,A,,,,,0,0,0,307,,0,false,false,false,false,false,false,false,0
OUT_SET_NODE_RANGE,A,,,Node A's range changed to 307.,,0,0,0,307,,0,false,false,false,false,false,false,false,0
IN_SET_NODE_RANGE,A,,,,,0,0,0,287,,0,false,false,false,false,false,false,false,0
OUT_SET_NODE_RANGE,A,,,Node A's range changed to 287.,,0,0,0,287,,0,false,false,false,false,false,false,false,0
IN_SET_NODE_RANGE,A,,,,,0,0,0,267,,0,false,false,false,false,false,false,false,0
OUT_SET_NODE_RANGE,A,,,Node A's range changed to 267.,,0,0,0,267,,0,false,false,false,false,false,false,false,0
IN_SET_NODE_RANGE,A,,,,,0,0,0,247,,0,false,false,false,false,false,false,false,0
OUT_SET_NODE_RANGE,A,,,Node A's range changed to 247.,,0,0,0,247,,0,false,false,false,false,false,false,false,0
IN_SET_NODE_RANGE,A,,,,,0,0,0,227,,0,false,false,false,false,false,false,false,0
OUT_SET_NODE_RANGE,A,,,Node A's range changed to 227.,,0,0,0,227,,0,false,false,false,false,false,false,false,0
IN_SET_NODE_RANGE,A,,,,,0,0,0,207,,0,false,false,false,false,false,false,false,0
OUT_SET_NODE_RANGE,A,,,Node A's range changed to 207.,,0,0,0,207,,0,false,false,false,false,false,false,false,0
IN_SET_NODE_RANGE,A,,,,,0,0,0,187,,0,false,false,false,false,false,false,false,0
OUT_SET_NODE_RANGE,A,,,Node A's range changed to 187.,,0,0,0,187,,0,false,false,false,false,false,false,false,0
IN_SET_NODE_RANGE,A,,,,,0,0,0,167,,0,false,false,false,false,false,false,false,0
OUT_SET_NODE_RANGE,A,,,Node A's range changed to 167.,,0,0,0,167,,0,false,false,false,false,false,false,false,0
IN_SET_NODE_RANGE,A,,,,,0,0,0,147,,0,false,false,false,false,false,false,false,0
OUT_SET_NODE_RANGE,A,,,Node A's range changed to 147.,,0,0,0,147,,0,false,false,false,false,false,false,false,0
IN_SET_NODE_RANGE,A,,,,,0,0,0,127,,0,false,false,false,false,false,false,false,0
OUT_SET_NODE_RANGE,A,,,Node A's range changed to 127.,,0,0,0,127,,0,false,false,false,false,false,false,false,0
IN_SET_NODE_RANGE,A,,,,,0,0,0,107,,0,false,false,false,false,false,false,false,0
OUT_SET_NODE_RANGE,A,,,Node A's range changed to 107.,,0,0,0,107,,0,false,false,false,false,false,false,false,0
IN_SET_NODE_RANGE,A,,,,,0,0,0,87,,0,false,false,false,false,false,false,false,0
OUT_SET_NODE_RANGE,A,,,Node A's range changed to 87.,,0,0,0,87,,0,false,false,false,false,false,false,false,0
IN_MOVE_NODE,A,,,,,0,245,187,0,,0,false,false,false,false,false,false,false,0
OUT_MOVE_NODE,A,,,Node A moved to X:245 Y:187.,,0,245,187,0,,0,false,false,false,false,false,false,false,0
IN_MOVE_NODE,B,,,,,0,476,148,0,,0,false,false,false,false,false,false,false,0
OUT_MOVE_NODE,B,,,Node B moved to X:476 Y:148.,,0,476,148,0,,0,false,false,false,false,false,false,false,0
IN_MOVE_NODE,B,,,,,0,359,130,0,,0,false,false,false,false,false,false,false,0
OUT_MOVE_NODE,B,,,Node B moved to X:359 Y:130.,,0,359,130,0,,0,false,false,false,false,false,false,false,0
IN_SET_NODE_RANGE,B,,,,,0,0,0,408,,0,false,false,false,false,false,false,false,0
OUT_SET_NODE_RANGE,B,,,Node B's range changed to 408.,,0,0,0,408,,0,false,false,false,false,false,false,false,0
IN_SET_NODE_RANGE,B,,,,,0,0,0,388,,0,false,false,false,false,false,false,false,0
OUT_SET_NODE_RANGE,B,,,Node B's range changed to 388.,,0,0,0,388,,0,false,false,false,false,false,false,false,0
IN_SET_NODE_RANGE,B,,,,,0,0,0,368,,0,false,false,false,false,false,false,false,0
OUT_SET_NODE_RANGE,B,,,Node B's range changed to 368.,,0,0,0,368,,0,false,false,false,false,false,false,false,0
IN_SET_NODE_RANGE,B,,,,,0,0,0,348,,0,false,false,false,false,false,false,false,0
OUT_SET_NODE_RANGE,B,,,Node B's range changed to 348.,,0,0,0,348,,0,false,false,false,false,false,false,false,0
IN_SET_NODE_RANGE,B,,,,,0,0,0,328,,0,false,false,false,false,false,false,false,0
OUT_SET_NODE_RANGE,B,,,Node B's range changed to 328.,,0,0,0,328,,0,false,false,false,false,false,false,false,0
IN_SET_NODE_RANGE,B,,,,,0,0,0,308,,0,false,false,false,false,false,false,false,0
OUT_SET_NODE_RANGE,B,,,Node B's range changed to 308.,,0,0,0,308,,0,false,false,false,false,false,false,false,0
IN_SET_NODE_RANGE,B,,,,,0,0,0,288,,0,false,false,false,false,false,false,false,0
OUT_SET_NODE_RANGE,B,,,Node B's range changed to 288.,,0,0,0,288,,0,false,false,false,false,false,false,false,0
IN_SET_NODE_RANGE,B,,,,,0,0,0,268,,0,false,false,false,false,false,false,false,0
OUT_SET_NODE_RANGE,B,,,Node B's range changed to 268.,,0,0,0,268,,0,false,false,false,false,false,false,false,0
IN_SET_NODE_RANGE,B,,,,,0,0,0,248,,0,false,false,false,false,false,false,false,0
OUT_SET_NODE_RANGE,B,,,Node B's range changed to 248.,,0,0,0,248,,0,false,false,false,false,false,false,false,0
IN_SET_NODE_RANGE,B,,,,,0,0,0,228,,0,false,false,false,false,false,false,false,0
OUT_SET_NODE_RANGE,B,,,Node B's range changed to 228.,,0,0,0,228,,0,false,false,false,false,false,false,false,0
IN_SET_NODE_RANGE,B,,,,,0,0,0,208,,0,false,false,false,false,false,false,false,0
OUT_SET_NODE_RANGE,B,,,Node B's range changed to 208.,,0,0,0,208,,0,false,false,false,false,false,false,false,0
IN_SET_NODE_RANGE,B,,,,,0,0,0,188,,0,false,false,false,false,false,false,false,0
OUT_SET_NODE_RANGE,B,,,Node B's range changed to 188.,,0,0,0,188,,0,false,false,false,false,false,false,false,0
IN_SET_NODE_RANGE,B,,,,,0,0,0,168,,0,false,false,false,false,false,false,false,0
OUT_SET_NODE_RANGE,B,,,Node B's range changed to 168.,,0,0,0,168,,0,false,false,false,false,false,false,false,0
IN_SET_NODE_RANGE,B,,,,,0,0,0,148,,0,false,false,false,false,false,false,false,0
OUT_SET_NODE_RANGE,B,,,Node B's range changed to 148.,,0,0,0,148,,0,false,false,false,false,false,false,false,0
IN_SET_NODE_RANGE,B,,,,,0,0,0,128,,0,false,false,false,false,false,false,false,0
OUT_SET_NODE_RANGE,B,,,Node B's range changed to 128.,,0,0,0,128,,0,false,false,false,false,false,false,false,0
IN_MOVE_NODE,B,,,,,0,333,136,0,,0,false,false,false,false,false,false,false,0
OUT_MOVE_NODE,B,,,Node B moved to X:333 Y:136.,,0,333,136,0,,0,false,false,false,false,false,false,false,0
IN_MOVE_NODE,B,,,,,0,331,130,0,,0,false,false,false,false,false,false,false,0
OUT_MOVE_NODE,B,,,Node B moved to X:331 Y:130.,,0,331,130,0,,0,false,false,false,false,false,false,false,0
IN_SET_NODE_RANGE,C,,,,,0,0,0,395,,0,false,false,false,false,false,false,false,0
OUT_SET_NODE_RANGE,C,,,Node C's range changed to 395.,,0,0,0,395,,0,false,false,false,false,false,false,false,0
IN_SET_NODE_RANGE,C,,,,,0,0,0,375,,0,false,false,false,false,false,false,false,0
OUT_SET_NODE_RANGE,C,,,Node C's range changed to 375.,,0,0,0,375,,0,false,false,false,false,false,false,false,0
IN_SET_NODE_RANGE,C,,,,,0,0,0,355,,0,false,false,false,false,false,false,false,0
OUT_SET_NODE_RANGE,C,,,Node C's range changed to 355.,,0,0,0,355,,0,false,false,false,false,false,false,false,0
IN_SET_NODE_RANGE,C,,,,,0,0,0,335,,0,false,false,false,false,false,false,false,0
OUT_SET_NODE_RANGE,C,,,Node C's range changed to 335.,,0,0,0,335,,0,false,false,false,false,false,false,false,0
IN_SET_NODE_RANGE,C,,,,,0,0,0,315,,0,false,false,false,false,false,false,false,0
OUT_SET_NODE_RANGE,C,,,Node C's range changed to 315.,,0,0,0,315,,0,false,false,false,false,false,false,false,0
IN_SET_NODE_RANGE,C,,,,,0,0,0,295,,0,false,false,false,false,false,false,false,0
OUT_SET_NODE_RANGE,C,,,Node C's range changed to 295.,,0,0,0,295,,0,false,false,false,false,false,false,false,0
IN_SET_NODE_RANGE,C,,,,,0,0,0,275,,0,false,false,false,false,false,false,false,0
OUT_SET_NODE_RANGE,C,,,Node C's range changed to 275.,,0,0,0,275,,0,false,false,false,false,false,false,false,0
IN_SET_NODE_RANGE,C,,,,,0,0,0,255,,0,false,false,false,false,false,false,false,0
OUT_SET_NODE_RANGE,C,,,Node C's range changed to 255.,,0,0,0,255,,0,false,false,false,false,false,false,false,0
IN_SET_NODE_RANGE,C,,,,,0,0,0,235,,0,false,false,false,false,false,false,false,0
OUT_SET_NODE_RANGE,C,,,Node C's range changed to 235.,,0,0,0,235,,0,false,false,false,false,false,false,false,0
IN_SET_NODE_RANGE,C,,,,,0,0,0,215,,0,false,false,false,false,false,false,false,0
OUT_SET_NODE_RANGE,C,,,Node C's range changed to 215.,,0,0,0,215,,0,false,false,false,false,false,false,false,0
IN_SET_NODE_RANGE,C,,,,,0,0,0,195,,0,false,false,false,false,false,false,false,0
OUT_SET_NODE_RANGE,C,,,Node C's range changed to 195.,,0,0,0,195,,0,false,false,false,false,false,false,false,0
IN_SET_NODE_RANGE,C,,,,,0,0,0,175,,0,false,false,false,false,false,false,false,0
OUT_SET_NODE_RANGE,C,,,Node C's range changed to 175.,,0,0,0,175,,0,false,false,false,false,false,false,false,0
IN_SET_NODE_RANGE,C,,,,,0,0,0,155,,0,false,false,false,false,false,false,false,0
OUT_SET_NODE_RANGE,C,,,Node C's range changed to 155.,,0,0,0,155,,0,false,false,false,false,false,false,false,0
IN_MOVE_NODE,C,,,,,0,445,67,0,,0,false,false,false,false,false,false,false,0
OUT_MOVE_NODE,C,,,Node C moved to X:445 Y:67.,,0,445,67,0,,0,false,false,false,false,false,false,false,0
IN_MOVE_NODE,C,,,,,0,447,113,0,,0,false,false,false,false,false,false,false,0
OUT_MOVE_NODE,C,,,Node C moved to X:447 Y:113.,,0,447,113,0,,0,false,false,false,false,false,false,false,0
IN_SET_NODE_RANGE,C,,,,,0,0,0,135,,0,false,false,false,false,false,false,false,0
OUT_SET_NODE_RANGE,C,,,Node C's range changed to 135.,,0,0,0,135,,0,false,false,false,false,false,false,false,0
IN_SET_NODE_RANGE,C,,,,,0,0,0,115,,0,false,false,false,false,false,false,false,0
OUT_SET_NODE_RANGE,C,,,Node C's range changed to 115.,,0,0,0,115,,0,false,false,false,false,false,false,false,0
IN_MOVE_NODE,C,,,,,0,422,109,0,,0,false,false,false,false,false,false,false,0
OUT_MOVE_NODE,C,,,Node C moved to X:422 Y:109.,,0,422,109,0,,0,false,false,false,false,false,false,false,0
IN_SET_NODE_RANGE,F,,,,,0,0,0,375,,0,false,false,false,false,false,false,false,0
OUT_SET_NODE_RANGE,F,,,Node F's range changed to 375.,,0,0,0,375,,0,false,false,false,false,false,false,false,0
IN_SET_NODE_RANGE,F,,,,,0,0,0,355,,0,false,false,false,false,false,false,false,0
OUT_SET_NODE_RANGE,F,,,Node F's range changed to 355.,,0,0,0,355,,0,false,false,false,false,false,false,false,0
IN_SET_NODE_RANGE,F,,,,,0,0,0,335,,0,false,false,false,false,false,false,false,0
OUT_SET_NODE_RANGE,F,,,Node F's range changed to 335.,,0,0,0,335,,0,false,false,false,false,false,false,false,0
IN_SET_NODE_RANGE,F,,,,,0,0,0,315,,0,false,false,false,false,false,false,false,0
OUT_SET_NODE_RANGE,F,,,Node F's range changed to 315.,,0,0,0,315,,0,false,false,false,false,false,false,false,0
IN_SET_NODE_RANGE,F,,,,,0,0,0,295,,0,false,false,false,false,false,false,false,0
OUT_SET_NODE_RANGE,F,,,Node F's range changed to 295.,,0,0,0,295,,0,false,false,false,false,false,false,false,0
IN_SET_NODE_RANGE,F,,,,,0,0,0,275,,0,false,false,false,false,false,false,false,0
OUT_SET_NODE_RANGE,F,,,Node F's range changed to 275.,,0,0,0,275,,0,false,false,false,false,false,false,false,0
IN_SET_NODE_RANGE,F,,,,,0,0,0,255,,0,false,false,false,false,false,false,false,0
OUT_SET_NODE_RANGE,F,,,Node F's range changed to 255.,,0,0,0,255,,0,false,false,false,false,false,false,false,0
IN_SET_NODE_RANGE,F,,,,,0,0,0,235,,0,false,false,false,false,false,false,false,0
OUT_SET_NODE_RANGE,F,,,Node F's range changed to 235.,,0,0,0,235,,0,false,false,false,false,false,false,false,0
IN_SET_NODE_RANGE,F,,,,,0,0,0,215,,0,false,false,false,false,false,false,false,0
OUT_SET_NODE_RANGE,F,,,Node F's range changed to 215.,,0,0,0,215,,0,false,false,false,false,false,false,false,0
IN_SET_NODE_RANGE,F,,,,,0,0,0,195,,0,false,false,false,false,false,false,false,0
OUT_SET_NODE_RANGE,F,,,Node F's range changed to 195.,,0,0,0,195,,0,false,false,false,false,false,false,false,0
IN_SET_NODE_RANGE,F,,,,,0,0,0,175,,0,false,false,false,false,false,false,false,0
OUT_SET_NODE_RANGE,F,,,Node F's range changed to 175.,,0,0,0,175,,0,false,false,false,false,false,false,false,0
IN_SET_NODE_RANGE,F,,,,,0,0,0,155,,0,false,false,false,false,false,false,false,0
OUT_SET_NODE_RANGE,F,,,Node F's range changed to 155.,,0,0,0,155,,0,false,false,false,false,false,false,false,0
IN_SET_NODE_RANGE,F,,,,,0,0,0,135,,0,false,false,false,false,false,false,false,0
OUT_SET_NODE_RANGE,F,,,Node F's range changed to 135.,,0,0,0,135,,0,false,false,false,false,false,false,false,0
IN_SET_NODE_RANGE,F,,,,,0,0,0,115,,0,false,false,false,false,false,false,false,0
OUT_SET_NODE_RANGE,F,,,Node F's range changed to 115.,,0,0,0,115,,0,false,false,false,false,false,false,false,0
IN_MOVE_NODE,F,,,,,0,720,235,0,,0,false,false,false,false,false,false,false,0
OUT_MOVE_NODE,F,,,Node F moved to X:720 Y:235.,,0,720,235,0,,0,false,false,false,false,false,false,false,0
IN_MOVE_NODE,D,,,,,0,697,168,0,,0,false,false,false,false,false,false,false,0
OUT_MOVE_NODE,D,,,Node D moved to X:697 Y:168.,,0,697,168,0,,0,false,false,false,false,false,false,false,0
IN_SET_NODE_RANGE,D,,,,,0,0,0,299,,0,false,false,false,false,false,false,false,0
OUT_SET_NODE_RANGE,D,,,Node D's range changed to 299.,,0,0,0,299,,0,false,false,false,false,false,false,false,0
IN_SET_NODE_RANGE,D,,,,,0,0,0,279,,0,false,false,false,false,false,false,false,0
OUT_SET_NODE_RANGE,D,,,Node D's range changed to 279.,,0,0,0,279,,0,false,false,false,false,false,false,false,0
IN_SET_NODE_RANGE,D,,,,,0,0,0,259,,0,false,false,false,false,false,false,false,0
OUT_SET_NODE_RANGE,D,,,Node D's range changed to 259.,,0,0,0,259,,0,false,false,false,false,false,false,false,0
IN_SET_NODE_RANGE,D,,,,,0,0,0,239,,0,false,false,false,false,false,false,false,0
OUT_SET_NODE_RANGE,D,,,Node D's range changed to 239.,,0,0,0,239,,0,false,false,false,false,false,false,false,0
IN_SET_NODE_RANGE,D,,,,,0,0,0,219,,0,false,false,false,false,false,false,false,0
OUT_SET_NODE_RANGE,D,,,Node D's range changed to 219.,,0,0,0,219,,0,false,false,false,false,false,false,false,0
IN_SET_NODE_RANGE,D,,,,,0,0,0,199,,0,false,false,false,false,false,false,false,0
OUT_SET_NODE_RANGE,D,,,Node D's range changed to 199.,,0,0,0,199,,0,false,false,false,false,false,false,false,0
IN_SET_NODE_RANGE,D,,,,,0,0,0,179,,0,false,false,false,false,false,false,false,0
OUT_SET_NODE_RANGE,D,,,Node D's range changed to 179.,,0,0,0,179,,0,false,false,false,false,false,false,false,0
IN_SET_NODE_RANGE,D,,,,,0,0,0,159,,0,false,false,false,false,false,false,false,0
OUT_SET_NODE_RANGE,D,,,Node D's range changed to 159.,,0,0,0,159,,0,false,false,false,false,false,false,false,0
IN_SET_NODE_RANGE,D,,,,,0,0,0,139,,0,false,false,false,false,false,false,false,0
OUT_SET_NODE_RANGE,D,,,Node D's range changed to 139.,,0,0,0,139,,0,false,false,false,false,false,false,false,0
IN_MOVE_NODE,E,,,,,0,640,139,0,,0,false,false,false,false,false,false,false,0
OUT_MOVE_NODE,E,,,Node E moved to X:640 Y:139.,,0,640,139,0,,0,false,false,false,false,false,false,false,0
IN_SET_NODE_RANGE,E,,,,,0,0,0,223,,0,false,false,false,false,false,false,false,0
OUT_SET_NODE_RANGE,E,,,Node E's range changed to 223.,,0,0,0,223,,0,false,false,false,false,false,false,false,0
IN_SET_NODE_RANGE,E,,,,,0,0,0,203,,0,false,false,false,false,false,false,false,0
OUT_SET_NODE_RANGE,E,,,Node E's range changed to 203.,,0,0,0,203,,0,false,false,false,false,false,false,false,0
IN_SET_NODE_RANGE,E,,,,,0,0,0,183,,0,false,false,false,false,false,false,false,0
OUT_SET_NODE_RANGE,E,,,Node E's range changed to 183.,,0,0,0,183,,0,false,false,false,false,false,false,false,0
IN_MOVE_NODE,E,,,,,0,476,212,0,,0,false,false,false,false,false,false,false,0
OUT_MOVE_NODE,E,,,Node E moved to X:476 Y:212.,,0,476,212,0,,0,false,false,false,false,false,false,false,0
IN_MOVE_NODE,C,,,,,0,423,87,0,,0,false,false,false,false,false,false,false,0
OUT_MOVE_NODE,C,,,Node C moved to X:423 Y:87.,,0,423,87,0,,0,false,false,false,false,false,false,false,0
IN_MOVE_NODE,C,,,,,0,411,97,0,,0,false,false,false,false,false,false,false,0
OUT_MOVE_NODE,C,,,Node C moved to X:411 Y:97.,,0,411,97,0,,0,false,false,false,false,false,false,false,0
IN_MOVE_NODE,C,,,,,0,417,91,0,,0,false,false,false,false,false,false,false,0
OUT_MOVE_NODE,C,,,Node C moved to X:417 Y:91.,,0,417,91,0,,0,false,false,false,false,false,false,false,0
IN_SET_NODE_RANGE,E,,,,,0,0,0,163,,0,false,false,false,false,false,false,false,0
OUT_SET_NODE_RANGE,E,,,Node E's range changed to 163.,,0,0,0,163,,0,false,false,false,false,false,false,false,0
IN_SET_NODE_RANGE,E,,,,,0,0,0,143,,0,false,false,false,false,false,false,false,0
OUT_SET_NODE_RANGE,E,,,Node E's range changed to 143.,,0,0,0,143,,0,false,false,false,false,false,false,false,0
IN_MOVE_NODE,A,,,,,0,248,250,0,,0,false,false,false,false,false,false,false,0
OUT_MOVE_NODE,A,,,Node A moved to X:248 Y:250.,,0,248,250,0,,0,false,false,false,false,false,false,false,0
IN_MOVE_NODE,A,,,,,0,252,249,0,,0,false,false,false,false,false,false,false,0
OUT_MOVE_NODE,A,,,Node A moved to X:252 Y:249.,,0,252,249,0,,0,false,false,false,false,false,false,false,0
IN_MOVE_NODE,B,,,,,0,333,205,0,,0,false,false,false,false,false,false,false,0
OUT_MOVE_NODE,B,,,Node B moved to X:333 Y:205.,,0,333,205,0,,0,false,false,false,false,false,false,false,0
IN_MOVE_NODE,B,,,,,0,325,213,0,,0,false,false,false,false,false,false,false,0
OUT_MOVE_NODE,B,,,Node B moved to X:325 Y:213.,,0,325,213,0,,0,false,false,false,false,false,false,false,0
IN_MOVE_NODE,B,,,,,0,305,213,0,,0,false,false,false,false,false,false,false,0
OUT_MOVE_NODE,B,,,Node B moved to X:305 Y:213.,,0,305,213,0,,0,false,false,false,false,false,false,false,0
IN_MOVE_NODE,C,,,,,0,367,148,0,,0,false,false,false,false,false,false,false,0
OUT_MOVE_NODE,C,,,Node C moved to X:367 Y:148.,,0,367,148,0,,0,false,false,false,false,false,false,false,0
IN_SET_NODE_RANGE,C,,,,,0,0,0,135,,0,false,false,false,false,false,false,false,0
OUT_SET_NODE_RANGE,C,,,Node C's range changed to 135.,,0,0,0,135,,0,false,false,false,false,false,false,false,0
IN_SET_NODE_RANGE,C,,,,,0,0,0,155,,0,false,false,false,false,false,false,false,0
OUT_SET_NODE_RANGE,C,,,Node C's range changed to 155.,,0,0,0,155,,0,false,false,false,false,false,false,false,0
IN_SET_NODE_RANGE,A,,,,,0,0,0,107,,0,false,false,false,false,false,false,false,0
OUT_SET_NODE_RANGE,A,,,Node A's range changed to 107.,,0,0,0,107,,0,false,false,false,false,false,false,false,0
IN_MOVE_NODE,A,,,,,0,247,226,0,,0,false,false,false,false,false,false,false,0
OUT_MOVE_NODE,A,,,Node A moved to X:247 Y:226.,,0,247,226,0,,0,false,false,false,false,false,false,false,0
IN_MOVE_NODE,B,,,,,0,311,168,0,,0,false,false,false,false,false,false,false,0
OUT_MOVE_NODE,B,,,Node B moved to X:311 Y:168.,,0,311,168,0,,0,false,false,false,false,false,false,false,0
IN_MOVE_NODE,C,,,,,0,422,107,0,,0,false,false,false,false,false,false,false,0
OUT_MOVE_NODE,C,,,Node C moved to X:422 Y:107.,,0,422,107,0,,0,false,false,false,false,false,false,false,0
IN_SET_NODE_RANGE,E,,,,,0,0,0,123,,0,false,false,false,false,false,false,false,0
OUT_SET_NODE_RANGE,E,,,Node E's range changed to 123.,,0,0,0,123,,0,false,false,false,false,false,false,false,0
IN_MOVE_NODE,E,,,,,0,393,228,0,,0,false,false,false,false,false,false,false,0
OUT_MOVE_NODE,E,,,Node E moved to X:393 Y:228.,,0,393,228,0,,0,false,false,false,false,false,false,false,0
IN_MOVE_NODE,C,,,,,0,385,100,0,,0,false,false,false,false,false,false,false,0
OUT_MOVE_NODE,C,,,Node C moved to X:385 Y:100.,,0,385,100,0,,0,false,false,false,false,false,false,false,0
IN_MOVE_NODE,C,,,,,0,370,87,0,,0,false,false,false,false,false,false,false,0
OUT_MOVE_NODE,C,,,Node C moved to X:370 Y:87.,,0,370,87,0,,0,false,false,false,false,false,false,false,0
IN_MOVE_NODE,E,,,,,0,368,260,0,,0,false,false,false,false,false,false,false,0
OUT_MOVE_NODE,E,,,Node E moved to X:368 Y:260.,,0,368,260,0,,0,false,false,false,false,false,false,false,0
IN_MOVE_NODE,A,,,,,0,228,199,0,,0,false,false,false,false,false,false,false,0
OUT_MOVE_NODE,A,,,Node A moved to X:228 Y:199.,,0,228,199,0,,0,false,false,false,false,false,false,false,0
IN_MOVE_NODE,F,,,,,0,454,247,0,,0,false,false,false,false,false,false,false,0
OUT_MOVE_NODE,F,,,Node F moved to X:454 Y:247.,,0,454,247,0,,0,false,false,false,false,false,false,false,0
IN_MOVE_NODE,D,,,,,0,472,170,0,,0,false,false,false,false,false,false,false,0
OUT_MOVE_NODE,D,,,Node D moved to X:472 Y:170.,,0,472,170,0,,0,false,false,false,false,false,false,false,0
IN_MOVE_NODE,D,,,,,0,482,167,0,,0,false,false,false,false,false,false,false,0
OUT_MOVE_NODE,D,,,Node D moved to X:482 Y:167.,,0,482,167,0,,0,false,false,false,false,false,false,false,0
IN_MOVE_NODE,D,,,,,0,459,151,0,,0,false,false,false,false,false,false,false,0
OUT_MOVE_NODE,D,,,Node D moved to X:459 Y:151.,,0,459,151,0,,0,false,false,false,false,false,false,false,0
IN_MOVE_NODE,D,,,,,0,463,152,0,,0,false,false,false,false,false,false,false,0
OUT_MOVE_NODE,D,,,Node D moved to X:463 Y:152.,,0,463,152,0,,0,false,false,false,false,false,false,false,0
IN_MOVE_NODE,D,,,,,0,470,154,0,,0,false,false,false,false,false,false,false,0
OUT_MOVE_NODE,D,,,Node D moved to X:470 Y:154.,,0,470,154,0,,0,false,false,false,false,false,false,false,0
IN_START_SIM,,,,,,7,0,0,0,,0,false,false,false,false,false,false,false,0
OUT_START_SIM,,,,Simulation Started.,,7,0,0,0,,0,false,false,false,false,false,false,false,0
OUT_QUANTUM_ELAPSED,,,,,,0,0,0,0,,1,false,false,false,false,false,false,false,0
OUT_QUANTUM_ELAPSED,,,,,,0,0,0,0,,2,false,false,false,false,false,false,false,0
OUT_QUANTUM_ELAPSED,,,,,,0,0,0,0,,3,false,false,false,false,false,false,false,0
OUT_QUANTUM_ELAPSED,,,,,,0,0,0,0,,4,false,false,false,false,false,false,false,0
OUT_QUANTUM_ELAPSED,,,,,,0,0,0,0,,5,false,false,false,false,false,false,false,0
OUT_QUANTUM_ELAPSED,,,,,,0,0,0,0,,6,false,false,false,false,false,false,false,0
OUT_QUANTUM_ELAPSED,,,,,,0,0,0,0,,7,false,false,false,false,false,false,false,0
OUT_QUANTUM_ELAPSED,,,,,,0,0,0,0,,8,false,false,false,false,false,false,false,0
OUT_QUANTUM_ELAPSED,,,,,,0,0,0,0,,9,false,false,false,false,false,false,false,0
OUT_QUANTUM_ELAPSED,,,,,,0,0,0,0,,10,false,false,false,false,false,false,false,0
OUT_QUANTUM_ELAPSED,,,,,,0,0,0,0,,11,false,false,false,false,false,false,false,0
OUT_QUANTUM_ELAPSED,,,,,,0,0,0,0,,12,false,false,false,false,false,false,false,0
IN_INSERT_MESSAGE,,A,D,,Sample Message,0,0,0,0,,12,false,false,false,false,false,false,false,0
OUT_INSERT_MESSAGE,,,,User message inserted into the network. Source ID: A Dest ID: D Message: Sample Message,,0,0,0,0,,12,false,false,false,false,false,false,false,0
OUT_QUANTUM_ELAPSED,,,,,,0,0,0,0,,13,false,false,false,false,false,false,false,0
OUT_CONTROLMSG_TRANSMITTED,,A,BROADCAST,A transmitted control message to BROADCAST : RREQ|U|5|0|2|D|0|A|2,RREQ|U|5|0|2|D|0|A|2,0,0,0,0,,13,false,false,false,false,false,false,false,0
OUT_QUANTUM_ELAPSED,,,,,,0,0,0,0,,14,false,false,false,false,false,false,false,0
OUT_CONTROLMSG_TRANSMITTED,,B,BROADCAST,B transmitted control message to BROADCAST : RREQ|U|4|1|2|D|0|A|2,RREQ|U|4|1|2|D|0|A|2,0,0,0,0,,14,false,false,false,false,false,false,false,0
OUT_CONTROLMSG_RECEIVED,,A,B,A received control message from B : RREQ|U|5|0|2|D|0|A|2,RREQ|U|5|0|2|D|0|A|2,0,0,0,0,,14,false,false,false,false,false,false,false,0
OUT_QUANTUM_ELAPSED,,,,,,0,0,0,0,,15,false,false,false,false,false,false,false,0
OUT_CONTROLMSG_RECEIVED,,B,A,B received control message from A : RREQ|U|4|1|2|D|0|A|2,RREQ|U|4|1|2|D|0|A|2,0,0,0,0,,15,false,false,false,false,false,false,false,0
OUT_CONTROLMSG_TRANSMITTED,,C,BROADCAST,C transmitted control message to BROADCAST : RREQ|U|3|2|2|D|0|A|2,RREQ|U|3|2|2|D|0|A|2,0,0,0,0,,15,false,false,false,false,false,false,false,0
OUT_CONTROLMSG_RECEIVED,,B,C,B received control message from C : RREQ|U|4|1|2|D|0|A|2,RREQ|U|4|1|2|D|0|A|2,0,0,0,0,,15,false,false,false,false,false,false,false,0
OUT_CONTROLMSG_TRANSMITTED,,E,BROADCAST,E transmitted control message to BROADCAST : RREQ|U|3|2|2|D|0|A|2,RREQ|U|3|2|2|D|0|A|2,0,0,0,0,,15,false,false,false,false,false,false,false,0
OUT_CONTROLMSG_RECEIVED,,B,E,B received control message from E : RREQ|U|4|1|2|D|0|A|2,RREQ|U|4|1|2|D|0|A|2,0,0,0,0,,15,false,false,false,false,false,false,false,0
OUT_QUANTUM_ELAPSED,,,,,,0,0,0,0,,16,false,false,false,false,false,false,false,0
OUT_CONTROLMSG_RECEIVED,,C,B,C received control message from B : RREQ|U|3|2|2|D|0|A|2,RREQ|U|3|2|2|D|0|A|2,0,0,0,0,,16,false,false,false,false,false,false,false,0
OUT_CONTROLMSG_RECEIVED,,E,B,E received control message from B : RREQ|U|3|2|2|D|0|A|2,RREQ|U|3|2|2|D|0|A|2,0,0,0,0,,16,false,false,false,false,false,false,false,0
OUT_CONTROLMSG_TRANSMITTED,,D,C,D transmitted control message to C : RREP||0|D|2|A|150,RREP||0|D|2|A|150,0,0,0,0,,16,false,false,false,false,false,false,false,0
OUT_CONTROLMSG_RECEIVED,,C,D,C received control message from D : RREQ|U|3|2|2|D|0|A|2,RREQ|U|3|2|2|D|0|A|2,0,0,0,0,,16,false,false,false,false,false,false,false,0
OUT_CONTROLMSG_TRANSMITTED,,F,BROADCAST,F transmitted control message to BROADCAST : RREQ|U|2|3|2|D|0|A|2,RREQ|U|2|3|2|D|0|A|2,0,0,0,0,,16,false,false,false,false,false,false,false,0
OUT_CONTROLMSG_RECEIVED,,E,F,E received control message from F : RREQ|U|3|2|2|D|0|A|2,RREQ|U|3|2|2|D|0|A|2,0,0,0,0,,16,false,false,false,false,false,false,false,0
OUT_QUANTUM_ELAPSED,,,,,,0,0,0,0,,17,false,false,false,false,false,false,false,0
OUT_CONTROLMSG_TRANSMITTED,,C,B,C transmitted control message to B : RREP||1|D|2|A|150,RREP||1|D|2|A|150,0,0,0,0,,17,false,false,false,false,false,false,false,0
OUT_CONTROLMSG_RECEIVED,,D,C,D received control message from C : RREP||0|D|2|A|150,RREP||0|D|2|A|150,0,0,0,0,,17,false,false,false,false,false,false,false,0
OUT_CONTROLMSG_RECEIVED,,F,D,F received control message from D : RREQ|U|2|3|2|D|0|A|2,RREQ|U|2|3|2|D|0|A|2,0,0,0,0,,17,false,false,false,false,false,false,false,0
OUT_CONTROLMSG_RECEIVED,,F,E,F received control message from E : RREQ|U|2|3|2|D|0|A|2,RREQ|U|2|3|2|D|0|A|2,0,0,0,0,,17,false,false,false,false,false,false,false,0
OUT_QUANTUM_ELAPSED,,,,,,0,0,0,0,,18,false,false,false,false,false,false,false,0
OUT_CONTROLMSG_TRANSMITTED,,B,A,B transmitted control message to A : RREP||2|D|2|A|150,RREP||2|D|2|A|150,0,0,0,0,,18,false,false,false,false,false,false,false,0
OUT_CONTROLMSG_RECEIVED,,C,B,C received control message from B : RREP||1|D|2|A|150,RREP||1|D|2|A|150,0,0,0,0,,18,false,false,false,false,false,false,false,0
OUT_QUANTUM_ELAPSED,,,,,,0,0,0,0,,19,false,false,false,false,false,false,false,0
OUT_CONTROLMSG_RECEIVED,,B,A,B received control message from A : RREP||2|D|2|A|150,RREP||2|D|2|A|150,0,0,0,0,,19,false,false,false,false,false,false,false,0
OUT_NARRMSG_TRANSMITTED,,A,B,A transmitted narrative message to B : NARR||0|D|A|Sample Message,NARR||0|D|A|Sample Message,0,0,0,0,,19,false,false,false,false,false,false,false,0
OUT_QUANTUM_ELAPSED,,,,,,0,0,0,0,,20,false,false,false,false,false,false,false,0
OUT_NARRMSG_TRANSMITTED,,B,C,B transmitted narrative message to C : NARR||0|D|A|Sample Message,NARR||0|D|A|Sample Message,0,0,0,0,,20,false,false,false,false,false,false,false,0
OUT_NARRMSG_RECEIVED,,A,B,A received narrative message from B : NARR||0|D|A|Sample Message,NARR||0|D|A|Sample Message,0,0,0,0,,20,false,false,false,false,false,false,false,0
OUT_QUANTUM_ELAPSED,,,,,,0,0,0,0,,21,false,false,false,false,false,false,false,0
OUT_NARRMSG_TRANSMITTED,,C,D,C transmitted narrative message to D : NARR||0|D|A|Sample Message,NARR||0|D|A|Sample Message,0,0,0,0,,21,false,false,false,false,false,false,false,0
OUT_NARRMSG_RECEIVED,,B,C,B received narrative message from C : NARR||0|D|A|Sample Message,NARR||0|D|A|Sample Message,0,0,0,0,,21,false,false,false,false,false,false,false,0
OUT_QUANTUM_ELAPSED,,,,,,0,0,0,0,,22,false,false,false,false,false,false,false,0
OUT_MSG_RECEIVED,,A,D,Node A successfuly sent a message to Node D,Sample Message,0,0,0,0,,22,false,false,false,false,false,false,false,0
OUT_NARRMSG_RECEIVED,,C,D,C received narrative message from D : NARR||0|D|A|Sample Message,NARR||0|D|A|Sample Message,0,0,0,0,,22,false,false,false,false,false,false,false,0
OUT_QUANTUM_ELAPSED,,,,,,0,0,0,0,,23,false,false,false,false,false,false,false,0
OUT_QUANTUM_ELAPSED,,,,,,0,0,0,0,,24,false,false,false,false,false,false,false,0
OUT_QUANTUM_ELAPSED,,,,,,0,0,0,0,,25,false,false,false,false,false,false,false,0
OUT_CONTROLMSG_TRANSMITTED,,A,BROADCAST,A transmitted control message to BROADCAST : RREP||0|A|2|A|50,RREP||0|A|2|A|50,0,0,0,0,,25,false,false,false,false,false,false,false,0
OUT_CONTROLMSG_TRANSMITTED,,B,BROADCAST,B transmitted control message to BROADCAST : RREP||0|B|1|B|50,RREP||0|B|1|B|50,0,0,0,0,,25,false,false,false,false,false,false,false,0
OUT_CONTROLMSG_TRANSMITTED,,C,BROADCAST,C transmitted control message to BROADCAST : RREP||0|C|1|C|50,RREP||0|C|1|C|50,0,0,0,0,,25,false,false,false,false,false,false,false,0
OUT_CONTROLMSG_TRANSMITTED,,D,BROADCAST,D transmitted control message to BROADCAST : RREP||0|D|2|D|50,RREP||0|D|2|D|50,0,0,0,0,,25,false,false,false,false,false,false,false,0
OUT_CONTROLMSG_TRANSMITTED,,E,BROADCAST,E transmitted control message to BROADCAST : RREP||0|E|1|E|50,RREP||0|E|1|E|50,0,0,0,0,,25,false,false,false,false,false,false,false,0
OUT_CONTROLMSG_TRANSMITTED,,F,BROADCAST,F transmitted control message to BROADCAST : RREP||0|F|1|F|50,RREP||0|F|1|F|50,0,0,0,0,,25,false,false,false,false,false,false,false,0
OUT_QUANTUM_ELAPSED,,,,,,0,0,0,0,,26,false,false,false,false,false,false,false,0
OUT_CONTROLMSG_RECEIVED,,B,A,B received control message from A : RREP||0|B|1|B|50,RREP||0|B|1|B|50,0,0,0,0,,26,false,false,false,false,false,false,false,0
OUT_CONTROLMSG_RECEIVED,,A,B,A received control message from B : RREP||0|A|2|A|50,RREP||0|A|2|A|50,0,0,0,0,,26,false,false,false,false,false,false,false,0
OUT_CONTROLMSG_RECEIVED,,C,B,C received control message from B : RREP||0|C|1|C|50,RREP||0|C|1|C|50,0,0,0,0,,26,false,false,false,false,false,false,false,0
OUT_CONTROLMSG_RECEIVED,,E,B,E received control message from B : RREP||0|E|1|E|50,RREP||0|E|1|E|50,0,0,0,0,,26,false,false,false,false,false,false,false,0
OUT_CONTROLMSG_RECEIVED,,B,C,B received control message from C : RREP||0|B|1|B|50,RREP||0|B|1|B|50,0,0,0,0,,26,false,false,false,false,false,false,false,0
OUT_CONTROLMSG_RECEIVED,,D,C,D received control message from C : RREP||0|D|2|D|50,RREP||0|D|2|D|50,0,0,0,0,,26,false,false,false,false,false,false,false,0
OUT_CONTROLMSG_RECEIVED,,C,D,C received control message from D : RREP||0|C|1|C|50,RREP||0|C|1|C|50,0,0,0,0,,26,false,false,false,false,false,false,false,0
OUT_CONTROLMSG_RECEIVED,,F,D,F received control message from D : RREP||0|F|1|F|50,RREP||0|F|1|F|50,0,0,0,0,,26,false,false,false,false,false,false,false,0
OUT_CONTROLMSG_RECEIVED,,B,E,B received control message from E : RREP||0|B|1|B|50,RREP||0|B|1|B|50,0,0,0,0,,26,false,false,false,false,false,false,false,0
OUT_CONTROLMSG_RECEIVED,,F,E,F received control message from E : RREP||0|F|1|F|50,RREP||0|F|1|F|50,0,0,0,0,,26,false,false,false,false,false,false,false,0
OUT_CONTROLMSG_RECEIVED,,D,F,D received control message from F : RREP||0|D|2|D|50,RREP||0|D|2|D|50,0,0,0,0,,26,false,false,false,false,false,false,false,0
OUT_CONTROLMSG_RECEIVED,,E,F,E received control message from F : RREP||0|E|1|E|50,RREP||0|E|1|E|50,0,0,0,0,,26,false,false,false,false,false,false,false,0
OUT_QUANTUM_ELAPSED,,,,,,0,0,0,0,,27,false,false,false,false,false,false,false,0
OUT_QUANTUM_ELAPSED,,,,,,0,0,0,0,,28,false,false,false,false,false,false,false,0
OUT_QUANTUM_ELAPSED,,,,,,0,0,0,0,,29,false,false,false,false,false,false,false,0
OUT_QUANTUM_ELAPSED,,,,,,0,0,0,0,,30,false,false,false,false,false,false,false,0
OUT_QUANTUM_ELAPSED,,,,,,0,0,0,0,,31,false,false,false,false,false,false,false,0
OUT_QUANTUM_ELAPSED,,,,,,0,0,0,0,,32,false,false,false,false,false,false,false,0
OUT_QUANTUM_ELAPSED,,,,,,0,0,0,0,,33,false,false,false,false,false,false,false,0
OUT_QUANTUM_ELAPSED,,,,,,0,0,0,0,,34,false,false,false,false,false,false,false,0
OUT_QUANTUM_ELAPSED,,,,,,0,0,0,0,,35,false,false,false,false,false,false,false,0
OUT_QUANTUM_ELAPSED,,,,,,0,0,0,0,,36,false,false,false,false,false,false,false,0
OUT_QUANTUM_ELAPSED,,,,,,0,0,0,0,,37,false,false,false,false,false,false,false,0
OUT_QUANTUM_ELAPSED,,,,,,0,0,0,0,,38,false,false,false,false,false,false,false,0
OUT_QUANTUM_ELAPSED,,,,,,0,0,0,0,,39,false,false,false,false,false,false,false,0
OUT_QUANTUM_ELAPSED,,,,,,0,0,0,0,,40,false,false,false,false,false,false,false,0
OUT_QUANTUM_ELAPSED,,,,,,0,0,0,0,,41,false,false,false,false,false,false,false,0
OUT_QUANTUM_ELAPSED,,,,,,0,0,0,0,,42,false,false,false,false,false,false,false,0
OUT_QUANTUM_ELAPSED,,,,,,0,0,0,0,,43,false,false,false,false,false,false,false,0
OUT_QUANTUM_ELAPSED,,,,,,0,0,0,0,,44,false,false,false,false,false,false,false,0
OUT_QUANTUM_ELAPSED,,,,,,0,0,0,0,,45,false,false,false,false,false,false,false,0
OUT_QUANTUM_ELAPSED,,,,,,0,0,0,0,,46,false,false,false,false,false,false,false,0
OUT_QUANTUM_ELAPSED,,,,,,0,0,0,0,,47,false,false,false,false,false,false,false,0
OUT_QUANTUM_ELAPSED,,,,,,0,0,0,0,,48,false,false,false,false,false,false,false,0
OUT_QUANTUM_ELAPSED,,,,,,0,0,0,0,,49,false,false,false,false,false,false,false,0
OUT_QUANTUM_ELAPSED,,,,,,0,0,0,0,,50,false,false,false,false,false,false,false,0
OUT_CONTROLMSG_TRANSMITTED,,A,BROADCAST,A transmitted control message to BROADCAST : RREP||0|A|2|A|50,RREP||0|A|2|A|50,0,0,0,0,,50,false,false,false,false,false,false,false,0
OUT_CONTROLMSG_TRANSMITTED,,B,BROADCAST,B transmitted control message to BROADCAST : RREP||0|B|1|B|50,RREP||0|B|1|B|50,0,0,0,0,,50,false,false,false,false,false,false,false,0
OUT_CONTROLMSG_TRANSMITTED,,C,BROADCAST,C transmitted control message to BROADCAST : RREP||0|C|1|C|50,RREP||0|C|1|C|50,0,0,0,0,,50,false,false,false,false,false,false,false,0
OUT_CONTROLMSG_TRANSMITTED,,D,BROADCAST,D transmitted control message to BROADCAST : RREP||0|D|2|D|50,RREP||0|D|2|D|50,0,0,0,0,,50,false,false,false,false,false,false,false,0
OUT_CONTROLMSG_TRANSMITTED,,E,BROADCAST,E transmitted control message to BROADCAST : RREP||0|E|1|E|50,RREP||0|E|1|E|50,0,0,0,0,,50,false,false,false,false,false,false,false,0
OUT_CONTROLMSG_TRANSMITTED,,F,BROADCAST,F transmitted control message to BROADCAST : RREP||0|F|1|F|50,RREP||0|F|1|F|50,0,0,0,0,,50,false,false,false,false,false,false,false,0
OUT_QUANTUM_ELAPSED,,,,,,0,0,0,0,,51,false,false,false,false,false,false,false,0
OUT_CONTROLMSG_RECEIVED,,B,A,B received control message from A : RREP||0|B|1|B|50,RREP||0|B|1|B|50,0,0,0,0,,51,false,false,false,false,false,false,false,0
OUT_CONTROLMSG_RECEIVED,,A,B,A received control message from B : RREP||0|A|2|A|50,RREP||0|A|2|A|50,0,0,0,0,,51,false,false,false,false,false,false,false,0
OUT_CONTROLMSG_RECEIVED,,C,B,C received control message from B : RREP||0|C|1|C|50,RREP||0|C|1|C|50,0,0,0,0,,51,false,false,false,false,false,false,false,0
OUT_CONTROLMSG_RECEIVED,,E,B,E received control message from B : RREP||0|E|1|E|50,RREP||0|E|1|E|50,0,0,0,0,,51,false,false,false,false,false,false,false,0
OUT_CONTROLMSG_RECEIVED,,B,C,B received control message from C : RREP||0|B|1|B|50,RREP||0|B|1|B|50,0,0,0,0,,51,false,false,false,false,false,false,false,0
OUT_CONTROLMSG_RECEIVED,,D,C,D received control message from C : RREP||0|D|2|D|50,RREP||0|D|2|D|50,0,0,0,0,,51,false,false,false,false,false,false,false,0
OUT_CONTROLMSG_RECEIVED,,C,D,C received control message from D : RREP||0|C|1|C|50,RREP||0|C|1|C|50,0,0,0,0,,51,false,false,false,false,false,false,false,0
OUT_CONTROLMSG_RECEIVED,,F,D,F received control message from D : RREP||0|F|1|F|50,RREP||0|F|1|F|50,0,0,0,0,,51,false,false,false,false,false,false,false,0
OUT_CONTROLMSG_RECEIVED,,B,E,B received control message from E : RREP||0|B|1|B|50,RREP||0|B|1|B|50,0,0,0,0,,51,false,false,false,false,false,false,false,0
OUT_CONTROLMSG_RECEIVED,,F,E,F received control message from E : RREP||0|F|1|F|50,RREP||0|F|1|F|50,0,0,0,0,,51,false,false,false,false,false,false,false,0
OUT_CONTROLMSG_RECEIVED,,D,F,D received control message from F : RREP||0|D|2|D|50,RREP||0|D|2|D|50,0,0,0,0,,51,false,false,false,false,false,false,false,0
OUT_CONTROLMSG_RECEIVED,,E,F,E received control message from F : RREP||0|E|1|E|50,RREP||0|E|1|E|50,0,0,0,0,,51,false,false,false,false,false,false,false,0
OUT_QUANTUM_ELAPSED,,,,,,0,0,0,0,,52,false,false,false,false,false,false,false,0
OUT_QUANTUM_ELAPSED,,,,,,0,0,0,0,,53,false,false,false,false,false,false,false,0
OUT_QUANTUM_ELAPSED,,,,,,0,0,0,0,,54,false,false,false,false,false,false,false,0
OUT_QUANTUM_ELAPSED,,,,,,0,0,0,0,,55,false,false,false,false,false,false,false,0
OUT_QUANTUM_ELAPSED,,,,,,0,0,0,0,,56,false,false,false,false,false,false,false,0
OUT_QUANTUM_ELAPSED,,,,,,0,0,0,0,,57,false,false,false,false,false,false,false,0
OUT_QUANTUM_ELAPSED,,,,,,0,0,0,0,,58,false,false,false,false,false,false,false,0
OUT_QUANTUM_ELAPSED,,,,,,0,0,0,0,,59,false,false,false,false,false,false,false,0
OUT_QUANTUM_ELAPSED,,,,,,0,0,0,0,,60,false,false,false,false,false,false,false,0
OUT_QUANTUM_ELAPSED,,,,,,0,0,0,0,,61,false,false,false,false,false,false,false,0
OUT_QUANTUM_ELAPSED,,,,,,0,0,0,0,,62,false,false,false,false,false,false,false,0
OUT_QUANTUM_ELAPSED,,,,,,0,0,0,0,,63,false,false,false,false,false,false,false,0
OUT_QUANTUM_ELAPSED,,,,,,0,0,0,0,,64,false,false,false,false,false,false,false,0
OUT_QUANTUM_ELAPSED,,,,,,0,0,0,0,,65,false,false,false,false,false,false,false,0
OUT_QUANTUM_ELAPSED,,,,,,0,0,0,0,,66,false,false,false,false,false,false,false,0
OUT_QUANTUM_ELAPSED,,,,,,0,0,0,0,,67,false,false,false,false,false,false,false,0
OUT_QUANTUM_ELAPSED,,,,,,0,0,0,0,,68,false,false,false,false,false,false,false,0
OUT_QUANTUM_ELAPSED,,,,,,0,0,0,0,,69,false,false,false,false,false,false,false,0
OUT_QUANTUM_ELAPSED,,,,,,0,0,0,0,,70,false,false,false,false,false,false,false,0
OUT_QUANTUM_ELAPSED,,,,,,0,0,0,0,,71,false,false,false,false,false,false,false,0
OUT_QUANTUM_ELAPSED,,,,,,0,0,0,0,,72,false,false,false,false,false,false,false,0
OUT_QUANTUM_ELAPSED,,,,,,0,0,0,0,,73,false,false,false,false,false,false,false,0
OUT_QUANTUM_ELAPSED,,,,,,0,0,0,0,,74,false,false,false,false,false,false,false,0
OUT_QUANTUM_ELAPSED,,,,,,0,0,0,0,,75,false,false,false,false,false,false,false,0
OUT_CONTROLMSG_TRANSMITTED,,A,BROADCAST,A transmitted control message to BROADCAST : RREP||0|A|2|A|50,RREP||0|A|2|A|50,0,0,0,0,,75,false,false,false,false,false,false,false,0
OUT_CONTROLMSG_TRANSMITTED,,B,BROADCAST,B transmitted control message to BROADCAST : RREP||0|B|1|B|50,RREP||0|B|1|B|50,0,0,0,0,,75,false,false,false,false,false,false,false,0
OUT_CONTROLMSG_TRANSMITTED,,C,BROADCAST,C transmitted control message to BROADCAST : RREP||0|C|1|C|50,RREP||0|C|1|C|50,0,0,0,0,,75,false,false,false,false,false,false,false,0
OUT_CONTROLMSG_TRANSMITTED,,D,BROADCAST,D transmitted control message to BROADCAST : RREP||0|D|2|D|50,RREP||0|D|2|D|50,0,0,0,0,,75,false,false,false,false,false,false,false,0
OUT_CONTROLMSG_TRANSMITTED,,E,BROADCAST,E transmitted control message to BROADCAST : RREP||0|E|1|E|50,RREP||0|E|1|E|50,0,0,0,0,,75,false,false,false,false,false,false,false,0
OUT_CONTROLMSG_TRANSMITTED,,F,BROADCAST,F transmitted control message to BROADCAST : RREP||0|F|1|F|50,RREP||0|F|1|F|50,0,0,0,0,,75,false,false,false,false,false,false,false,0
OUT_QUANTUM_ELAPSED,,,,,,0,0,0,0,,76,false,false,false,false,false,false,false,0
OUT_CONTROLMSG_RECEIVED,,B,A,B received control message from A : RREP||0|B|1|B|50,RREP||0|B|1|B|50,0,0,0,0,,76,false,false,false,false,false,false,false,0
OUT_CONTROLMSG_RECEIVED,,A,B,A received control message from B : RREP||0|A|2|A|50,RREP||0|A|2|A|50,0,0,0,0,,76,false,false,false,false,false,false,false,0
OUT_CONTROLMSG_RECEIVED,,C,B,C received control message from B : RREP||0|C|1|C|50,RREP||0|C|1|C|50,0,0,0,0,,76,false,false,false,false,false,false,false,0
OUT_CONTROLMSG_RECEIVED,,E,B,E received control message from B : RREP||0|E|1|E|50,RREP||0|E|1|E|50,0,0,0,0,,76,false,false,false,false,false,false,false,0
OUT_CONTROLMSG_RECEIVED,,B,C,B received control message from C : RREP||0|B|1|B|50,RREP||0|B|1|B|50,0,0,0,0,,76,false,false,false,false,false,false,false,0
OUT_CONTROLMSG_RECEIVED,,D,C,D received control message from C : RREP||0|D|2|D|50,RREP||0|D|2|D|50,0,0,0,0,,76,false,false,false,false,false,false,false,0
OUT_CONTROLMSG_RECEIVED,,C,D,C received control message from D : RREP||0|C|1|C|50,RREP||0|C|1|C|50,0,0,0,0,,76,false,false,false,false,false,false,false,0
OUT_CONTROLMSG_RECEIVED,,F,D,F received control message from D : RREP||0|F|1|F|50,RREP||0|F|1|F|50,0,0,0,0,,76,false,false,false,false,false,false,false,0
OUT_CONTROLMSG_RECEIVED,,B,E,B received control message from E : RREP||0|B|1|B|50,RREP||0|B|1|B|50,0,0,0,0,,76,false,false,false,false,false,false,false,0
OUT_CONTROLMSG_RECEIVED,,F,E,F received control message from E : RREP||0|F|1|F|50,RREP||0|F|1|F|50,0,0,0,0,,76,false,false,false,false,false,false,false,0
OUT_CONTROLMSG_RECEIVED,,D,F,D received control message from F : RREP||0|D|2|D|50,RREP||0|D|2|D|50,0,0,0,0,,76,false,false,false,false,false,false,false,0
OUT_CONTROLMSG_RECEIVED,,E,F,E received control message from F : RREP||0|E|1|E|50,RREP||0|E|1|E|50,0,0,0,0,,76,false,false,false,false,false,false,false,0
OUT_QUANTUM_ELAPSED,,,,,,0,0,0,0,,77,false,false,false,false,false,false,false,0
OUT_QUANTUM_ELAPSED,,,,,,0,0,0,0,,78,false,false,false,false,false,false,false,0
OUT_QUANTUM_ELAPSED,,,,,,0,0,0,0,,79,false,false,false,false,false,false,false,0
OUT_QUANTUM_ELAPSED,,,,,,0,0,0,0,,80,false,false,false,false,false,false,false,0
OUT_QUANTUM_ELAPSED,,,,,,0,0,0,0,,81,false,false,false,false,false,false,false,0
OUT_QUANTUM_ELAPSED,,,,,,0,0,0,0,,82,false,false,false,false,false,false,false,0
OUT_QUANTUM_ELAPSED,,,,,,0,0,0,0,,83,false,false,false,false,false,false,false,0
OUT_QUANTUM_ELAPSED,,,,,,0,0,0,0,,84,false,false,false,false,false,false,false,0
OUT_QUANTUM_ELAPSED,,,,,,0,0,0,0,,85,false,false,false,false,false,false,false,0
OUT_QUANTUM_ELAPSED,,,,,,0,0,0,0,,86,false,false,false,false,false,false,false,0
OUT_QUANTUM_ELAPSED,,,,,,0,0,0,0,,87,false,false,false,false,false,false,false,0
OUT_QUANTUM_ELAPSED,,,,,,0,0,0,0,,88,false,false,false,false,false,false,false,0
OUT_QUANTUM_ELAPSED,,,,,,0,0,0,0,,89,false,false,false,false,false,false,false,0
OUT_QUANTUM_ELAPSED,,,,,,0,0,0,0,,90,false,false,false,false,false,false,false,0
IN_PAUSE_SIM,,,,,,0,0,0,0,,90,false,false,false,false,false,false,false,0
OUT_PAUSE_SIM,,,,Simulation Paused.,,0,0,0,0,,90,false,false,false,false,false,false,false,0
