\BOOKMARK [1][-]{Doc-Start}{\315ndice general}{}% 1
\BOOKMARK [1][-]{section.1}{Cuesti\363n 1}{}% 2
\BOOKMARK [2][-]{subsection.1.1}{WLAN\137802\13711}{section.1}% 3
\BOOKMARK [2][-]{subsection.1.2}{WLAN\137802\13711\137LOCAL}{section.1}% 4
\BOOKMARK [1][-]{section.2}{Ejercicio 1}{}% 5
\BOOKMARK [1][-]{section.3}{Cuesti\363n 2}{}% 6
\BOOKMARK [2][-]{subsection.3.1}{WLAN\137802\13711}{section.3}% 7
\BOOKMARK [2][-]{subsection.3.2}{WLAN\137802\13711LOCAL}{section.3}% 8
\BOOKMARK [1][-]{section.4}{Ejercicio 2}{}% 9
\BOOKMARK [1][-]{section.5}{Cuesti\363n 3}{}% 10
\BOOKMARK [1][-]{section.6}{Ejercicio 3}{}% 11
\BOOKMARK [1][-]{section.7}{Cuesti\363n 4}{}% 12
\BOOKMARK [1][-]{section.8}{Cuesti\363n 5}{}% 13
\BOOKMARK [1][-]{section.9}{Ejercicio 4}{}% 14
\BOOKMARK [1][-]{section.10}{Ejercicio 5}{}% 15
\BOOKMARK [1][-]{section.11}{Cuesti\363n 6}{}% 16
\BOOKMARK [2][-]{subsection.11.1}{6.a}{section.11}% 17
\BOOKMARK [2][-]{subsection.11.2}{6.b}{section.11}% 18
\BOOKMARK [1][-]{section.12}{Cuesti\363n 7}{}% 19
\BOOKMARK [1][-]{section.13}{Cuesti\363n 8}{}% 20
